2021-04-29 23:35:01.953 [main] INFO  cn.truncle.yumubot.CQServiceTests - Starting CQServiceTests using Java 12.0.2 on DESKTOP-1NBRITB with PID 908 (started by Administrator in A:\java\Yumubot)
2021-04-29 23:35:01.956 [main] DEBUG cn.truncle.yumubot.CQServiceTests - Running with Spring Boot v2.4.3, Spring v5.3.4
2021-04-29 23:35:01.958 [main] INFO  cn.truncle.yumubot.CQServiceTests - No active profile set, falling back to default profiles: default
2021-04-29 23:35:03.402 [main] INFO  cn.truncle.yumubot.CQServiceTests - Started CQServiceTests in 1.715 seconds (JVM running for 3.126)
2021-04-29 23:35:12.176 [main] INFO  cn.truncle.yumubot.YumubotApplication - Starting YumubotApplication using Java 12.0.2 on DESKTOP-1NBRITB with PID 7936 (A:\java\Yumubot\target\classes started by Administrator in A:\java\Yumubot)
2021-04-29 23:35:12.178 [main] DEBUG cn.truncle.yumubot.YumubotApplication - Running with Spring Boot v2.4.3, Spring v5.3.4
2021-04-29 23:35:12.178 [main] INFO  cn.truncle.yumubot.YumubotApplication - No active profile set, falling back to default profiles: default
2021-04-29 23:35:13.047 [main] INFO  cn.truncle.yumubot.YumubotApplication - Started YumubotApplication in 1.112 seconds (JVM running for 1.894)
2021-04-29 23:35:13.753 [http-nio-8080-exec-1] DEBUG cn.truncle.yumubot.controller.EventController - Heartbeat
2021-04-29 23:35:18.633 [http-nio-8080-exec-2] DEBUG cn.truncle.yumubot.controller.EventController - Heartbeat
2021-04-29 23:35:23.630 [http-nio-8080-exec-3] DEBUG cn.truncle.yumubot.controller.EventController - Heartbeat
2021-04-29 23:35:28.628 [http-nio-8080-exec-4] DEBUG cn.truncle.yumubot.controller.EventController - Heartbeat
2021-04-29 23:35:33.632 [http-nio-8080-exec-5] DEBUG cn.truncle.yumubot.controller.EventController - Heartbeat
2021-04-29 23:35:38.625 [http-nio-8080-exec-6] DEBUG cn.truncle.yumubot.controller.EventController - Heartbeat
2021-04-29 23:35:41.355 [http-nio-8080-exec-7] INFO  cn.truncle.yumubot.service.MessageService - {"raw_message":"https://osu.ppy.sh/beatmapsets/859515#osu/2082018","self_id":2480557535,"message_id":-832374123,"message_type":"group","message":[{"data":{"text":"https://osu.ppy.sh/beatmapsets/859515#osu/2082018"},"type":"text"}],"group_id":928936255,"sender":{"age":0,"area":"","card":"0.0","level":"","nickname":"基努里维斯","role":"member","sex":"unknown","title":"","user_id":1466799794},"sub_type":"normal","user_id":1466799794,"post_type":"message","time":1619710541,"message_seq":1792123,"font":0}
2021-04-29 23:35:43.633 [http-nio-8080-exec-8] DEBUG cn.truncle.yumubot.controller.EventController - Heartbeat
2021-04-29 23:35:48.508 [http-nio-8080-exec-9] INFO  cn.truncle.yumubot.service.MessageService - {"raw_message":"打这张","self_id":2480557535,"message_id":1342598966,"message_type":"group","message":[{"data":{"text":"打这张"},"type":"text"}],"group_id":928936255,"sender":{"age":0,"area":"","card":"0.0","level":"","nickname":"基努里维斯","role":"member","sex":"unknown","title":"","user_id":1466799794},"sub_type":"normal","user_id":1466799794,"post_type":"message","time":1619710548,"message_seq":1792124,"font":0}
2021-04-29 23:35:48.628 [http-nio-8080-exec-10] DEBUG cn.truncle.yumubot.controller.EventController - Heartbeat
2021-04-29 23:35:53.623 [http-nio-8080-exec-1] DEBUG cn.truncle.yumubot.controller.EventController - Heartbeat
2021-04-29 23:35:57.254 [http-nio-8080-exec-2] INFO  cn.truncle.yumubot.service.MessageService - {"raw_message":"ap","self_id":2480557535,"message_id":654401440,"message_type":"group","message":[{"data":{"text":"ap"},"type":"text"}],"group_id":928936255,"sender":{"age":0,"area":"","card":"0.0","level":"","nickname":"基努里维斯","role":"member","sex":"unknown","title":"","user_id":1466799794},"sub_type":"normal","user_id":1466799794,"post_type":"message","time":1619710557,"message_seq":1792125,"font":0}
2021-04-29 23:35:58.622 [http-nio-8080-exec-3] DEBUG cn.truncle.yumubot.controller.EventController - Heartbeat
2021-04-29 23:36:03.625 [http-nio-8080-exec-4] DEBUG cn.truncle.yumubot.controller.EventController - Heartbeat
2021-04-29 23:36:08.627 [http-nio-8080-exec-5] DEBUG cn.truncle.yumubot.controller.EventController - Heartbeat
2021-04-29 23:36:09.429 [http-nio-8080-exec-6] INFO  cn.truncle.yumubot.service.MessageService - {"raw_message":"/a info 腐败","self_id":2480557535,"message_id":-1954070960,"message_type":"group","message":[{"data":{"text":"/a info 腐败"},"type":"text"}],"group_id":761711951,"sender":{"age":0,"area":"","card":"relax.exe","level":"","nickname":"‏","role":"admin","sex":"unknown","title":"","user_id":1016202531},"sub_type":"normal","user_id":1016202531,"post_type":"message","time":1619710569,"message_seq":194009,"font":0}
2021-04-29 23:36:13.633 [http-nio-8080-exec-7] DEBUG cn.truncle.yumubot.controller.EventController - Heartbeat
2021-04-29 23:36:17.630 [http-nio-8080-exec-8] INFO  cn.truncle.yumubot.service.MessageService - {"raw_message":"@‏\r\n[CQ:image,file=e353a64ee84963426142af689b1425c3.image]","self_id":2480557535,"message_id":-348080203,"message_type":"group","message":[{"data":{"text":"@"},"type":"text"},{"data":{"text":"‏"},"type":"text"},{"data":{"text":"\r\n"},"type":"text"},{"data":{"file":"e353a64ee84963426142af689b1425c3.image","url":"http://gchat.qpic.cn/gchatpic_new/2967373629/761711951-2461904390-E353A64EE84963426142AF689B1425C3/0?term=3"},"type":"image"}],"group_id":761711951,"sender":{"age":0,"area":"","card":"","level":"","nickname":"Andrea","role":"member","sex":"unknown","title":"","user_id":2967373629},"sub_type":"normal","user_id":2967373629,"post_type":"message","time":1619710577,"message_seq":194010,"font":0}
2021-04-29 23:36:18.631 [http-nio-8080-exec-9] DEBUG cn.truncle.yumubot.controller.EventController - Heartbeat
2021-04-29 23:36:19.860 [http-nio-8080-exec-10] INFO  cn.truncle.yumubot.service.MessageService - {"raw_message":"读图问题","self_id":2480557535,"message_id":-1673033949,"message_type":"group","message":[{"data":{"text":"读图问题"},"type":"text"}],"group_id":761711951,"sender":{"age":0,"area":"","card":"relax.exe","level":"","nickname":"‏","role":"admin","sex":"unknown","title":"","user_id":1016202531},"sub_type":"normal","user_id":1016202531,"post_type":"message","time":1619710579,"message_seq":194011,"font":0}
2021-04-29 23:36:23.634 [http-nio-8080-exec-1] DEBUG cn.truncle.yumubot.controller.EventController - Heartbeat
2021-04-29 23:36:26.150 [http-nio-8080-exec-2] INFO  cn.truncle.yumubot.service.MessageService - {"raw_message":"算了，明日再说，皮肤现在已经挺满意了","self_id":2480557535,"message_id":89052825,"message_type":"group","message":[{"data":{"text":"算了，明日再说，皮肤现在已经挺满意了"},"type":"text"}],"group_id":761711951,"sender":{"age":0,"area":"","card":"","level":"","nickname":"NameLess","role":"member","sex":"unknown","title":"","user_id":1303557626},"sub_type":"normal","user_id":1303557626,"post_type":"message","time":1619710586,"message_seq":194012,"font":0}
2021-04-29 23:36:28.634 [http-nio-8080-exec-3] DEBUG cn.truncle.yumubot.controller.EventController - Heartbeat
2021-04-29 23:36:30.272 [http-nio-8080-exec-4] INFO  cn.truncle.yumubot.service.MessageService - {"raw_message":"[CQ:image,file=f70eb354804b8a9a667374da372b2672.image]","self_id":2480557535,"message_id":1917445647,"message_type":"group","message":[{"data":{"file":"f70eb354804b8a9a667374da372b2672.image","url":"http://gchat.qpic.cn/gchatpic_new/1303557626/761711951-2923391387-F70EB354804B8A9A667374DA372B2672/0?term=3"},"type":"image"}],"group_id":761711951,"sender":{"age":0,"area":"","card":"","level":"","nickname":"NameLess","role":"member","sex":"unknown","title":"","user_id":1303557626},"sub_type":"normal","user_id":1303557626,"post_type":"message","time":1619710590,"message_seq":194013,"font":0}
2021-04-29 23:36:33.635 [http-nio-8080-exec-5] DEBUG cn.truncle.yumubot.controller.EventController - Heartbeat
2021-04-29 23:36:38.630 [http-nio-8080-exec-6] DEBUG cn.truncle.yumubot.controller.EventController - Heartbeat
2021-04-29 23:36:43.634 [http-nio-8080-exec-7] DEBUG cn.truncle.yumubot.controller.EventController - Heartbeat
2021-04-29 23:36:46.083 [http-nio-8080-exec-8] INFO  cn.truncle.yumubot.service.MessageService - {"raw_message":"！recent：0","self_id":2480557535,"message_id":-1527148562,"message_type":"group","message":[{"data":{"text":"！recent：0"},"type":"text"}],"group_id":719575091,"sender":{"age":0,"area":"","card":"gua‮？？？示表并‭‭","level":"","nickname":"ざくろ","role":"member","sex":"unknown","title":"","user_id":842050786},"sub_type":"normal","user_id":842050786,"post_type":"message","time":1619710606,"message_seq":224938,"font":0}
2021-04-29 23:36:48.631 [http-nio-8080-exec-9] DEBUG cn.truncle.yumubot.controller.EventController - Heartbeat
2021-04-29 23:36:50.184 [http-nio-8080-exec-10] INFO  cn.truncle.yumubot.service.MessageService - {"raw_message":"我pp跳读图也有问题的话我可以卸游戏了","self_id":2480557535,"message_id":-332565588,"message_type":"group","message":[{"data":{"text":"我pp跳读图也有问题的话我可以卸游戏了"},"type":"text"}],"group_id":761711951,"sender":{"age":0,"area":"","card":"","level":"","nickname":"NameLess","role":"member","sex":"unknown","title":"","user_id":1303557626},"sub_type":"normal","user_id":1303557626,"post_type":"message","time":1619710610,"message_seq":194014,"font":0}
2021-04-29 23:36:53.630 [http-nio-8080-exec-1] DEBUG cn.truncle.yumubot.controller.EventController - Heartbeat
2021-04-29 23:36:56.846 [http-nio-8080-exec-2] INFO  cn.truncle.yumubot.service.MessageService - {"raw_message":"[CQ:image,file=24bc2b68748689ea686a20f9e0f9e425.image]","self_id":2480557535,"message_id":-738279560,"message_type":"group","message":[{"data":{"file":"24bc2b68748689ea686a20f9e0f9e425.image","url":"http://gchat.qpic.cn/gchatpic_new/0/0-0-24BC2B68748689EA686A20F9E0F9E425/0?term=2"},"type":"image"}],"group_id":719575091,"sender":{"age":0,"area":"","card":"","level":"","nickname":"白菜V2.1","role":"member","sex":"unknown","title":"","user_id":1020640876},"sub_type":"normal","user_id":1020640876,"post_type":"message","time":1619710616,"message_seq":224939,"font":0}
2021-04-29 23:36:58.621 [http-nio-8080-exec-3] DEBUG cn.truncle.yumubot.controller.EventController - Heartbeat
2021-04-29 23:37:01.032 [http-nio-8080-exec-4] INFO  cn.truncle.yumubot.service.MessageService - {"raw_message":"[CQ:image,file=a53745553fe1784af9bd3d327aa67187.image]","self_id":2480557535,"message_id":-446459621,"message_type":"group","message":[{"data":{"file":"a53745553fe1784af9bd3d327aa67187.image","url":"http://gchat.qpic.cn/gchatpic_new/834276213/719575091-2299493078-A53745553FE1784AF9BD3D327AA67187/0?term=3"},"type":"image"}],"group_id":719575091,"sender":{"age":0,"area":"","card":"","level":"","nickname":"猫猫","role":"member","sex":"unknown","title":"","user_id":834276213},"sub_type":"normal","user_id":834276213,"post_type":"message","time":1619710621,"message_seq":224940,"font":0}
2021-04-29 23:37:03.621 [http-nio-8080-exec-5] DEBUG cn.truncle.yumubot.controller.EventController - Heartbeat
2021-04-29 23:37:08.627 [http-nio-8080-exec-6] DEBUG cn.truncle.yumubot.controller.EventController - Heartbeat
2021-04-29 23:37:13.625 [http-nio-8080-exec-7] DEBUG cn.truncle.yumubot.controller.EventController - Heartbeat
2021-04-29 23:37:18.633 [http-nio-8080-exec-8] DEBUG cn.truncle.yumubot.controller.EventController - Heartbeat
2021-04-29 23:37:23.627 [http-nio-8080-exec-9] DEBUG cn.truncle.yumubot.controller.EventController - Heartbeat
2021-04-29 23:37:28.634 [http-nio-8080-exec-10] DEBUG cn.truncle.yumubot.controller.EventController - Heartbeat
2021-04-29 23:37:33.631 [http-nio-8080-exec-1] DEBUG cn.truncle.yumubot.controller.EventController - Heartbeat
2021-04-29 23:37:38.630 [http-nio-8080-exec-2] DEBUG cn.truncle.yumubot.controller.EventController - Heartbeat
2021-04-29 23:37:38.979 [http-nio-8080-exec-3] INFO  cn.truncle.yumubot.service.MessageService - {"raw_message":"rx慢点","self_id":2480557535,"message_id":-1691729094,"message_type":"group","message":[{"data":{"text":"rx慢点"},"type":"text"}],"group_id":761711951,"sender":{"age":0,"area":"","card":"relax.exe","level":"","nickname":"‏","role":"admin","sex":"unknown","title":"","user_id":1016202531},"sub_type":"normal","user_id":1016202531,"post_type":"message","time":1619710658,"message_seq":194015,"font":0}
2021-04-29 23:37:43.633 [http-nio-8080-exec-4] DEBUG cn.truncle.yumubot.controller.EventController - Heartbeat
2021-04-29 23:37:48.634 [http-nio-8080-exec-5] DEBUG cn.truncle.yumubot.controller.EventController - Heartbeat
2021-04-29 23:37:53.635 [http-nio-8080-exec-6] DEBUG cn.truncle.yumubot.controller.EventController - Heartbeat
2021-04-29 23:37:58.627 [http-nio-8080-exec-7] DEBUG cn.truncle.yumubot.controller.EventController - Heartbeat
2021-04-29 23:38:03.635 [http-nio-8080-exec-8] DEBUG cn.truncle.yumubot.controller.EventController - Heartbeat
2021-04-29 23:38:08.630 [http-nio-8080-exec-9] DEBUG cn.truncle.yumubot.controller.EventController - Heartbeat
2021-04-29 23:38:13.632 [http-nio-8080-exec-10] DEBUG cn.truncle.yumubot.controller.EventController - Heartbeat
2021-04-29 23:38:18.635 [http-nio-8080-exec-1] DEBUG cn.truncle.yumubot.controller.EventController - Heartbeat
2021-04-29 23:38:23.621 [http-nio-8080-exec-2] DEBUG cn.truncle.yumubot.controller.EventController - Heartbeat
2021-04-29 23:38:27.874 [http-nio-8080-exec-3] INFO  cn.truncle.yumubot.service.MessageService - {"raw_message":"!re","self_id":2480557535,"message_id":-1106768358,"message_type":"group","message":[{"data":{"text":"!re"},"type":"text"}],"group_id":928936255,"sender":{"age":0,"area":"","card":"[W]hiteRBQ 033丨作图真有趣","level":"","nickname":"Sleeper","role":"member","sex":"unknown","title":"Yter","user_id":1772360800},"sub_type":"normal","user_id":1772360800,"post_type":"message","time":1619710707,"message_seq":1792126,"font":0}
2021-04-29 23:38:28.631 [http-nio-8080-exec-4] DEBUG cn.truncle.yumubot.controller.EventController - Heartbeat
2021-04-29 23:38:33.630 [http-nio-8080-exec-5] DEBUG cn.truncle.yumubot.controller.EventController - Heartbeat
2021-04-29 23:38:38.622 [http-nio-8080-exec-6] DEBUG cn.truncle.yumubot.controller.EventController - Heartbeat
2021-04-29 23:38:43.631 [http-nio-8080-exec-7] DEBUG cn.truncle.yumubot.controller.EventController - Heartbeat
2021-04-29 23:38:44.482 [http-nio-8080-exec-8] INFO  cn.truncle.yumubot.service.MessageService - {"raw_message":"[CQ:image,file=9cb671af877650f3c7aca9822f4ff93e.image]","self_id":2480557535,"message_id":-921747828,"message_type":"group","message":[{"data":{"file":"9cb671af877650f3c7aca9822f4ff93e.image","url":"http://gchat.qpic.cn/gchatpic_new/834276213/928936255-2206325264-9CB671AF877650F3C7ACA9822F4FF93E/0?term=3"},"type":"image"}],"group_id":928936255,"sender":{"age":0,"area":"","card":"猫猫bot ｜","level":"","nickname":"猫猫","role":"member","sex":"unknown","title":"","user_id":834276213},"sub_type":"normal","user_id":834276213,"post_type":"message","time":1619710724,"message_seq":1792127,"font":0}
2021-04-29 23:38:48.634 [http-nio-8080-exec-9] DEBUG cn.truncle.yumubot.controller.EventController - Heartbeat
2021-04-29 23:39:47.390 [main] INFO  cn.truncle.yumubot.CQServiceTests - Starting CQServiceTests using Java 12.0.2 on DESKTOP-1NBRITB with PID 13228 (started by Administrator in A:\java\Yumubot)
2021-04-29 23:39:47.392 [main] DEBUG cn.truncle.yumubot.CQServiceTests - Running with Spring Boot v2.4.3, Spring v5.3.4
2021-04-29 23:39:47.394 [main] INFO  cn.truncle.yumubot.CQServiceTests - No active profile set, falling back to default profiles: default
2021-04-29 23:39:48.554 [main] INFO  cn.truncle.yumubot.CQServiceTests - Started CQServiceTests in 1.382 seconds (JVM running for 2.253)
2021-04-29 23:39:49.021 [main] ERROR cn.truncle.yumubot.service.CQService - {"msg":"NOT_MANAGEABLE","wording":"机器人权限不足","retcode":100,"status":"failed"}
2021-04-29 23:44:34.020 [main] INFO  cn.truncle.yumubot.CQServiceTests - Starting CQServiceTests using Java 12.0.2 on DESKTOP-1NBRITB with PID 12280 (started by Administrator in A:\java\Yumubot)
2021-04-29 23:44:34.023 [main] DEBUG cn.truncle.yumubot.CQServiceTests - Running with Spring Boot v2.4.3, Spring v5.3.4
2021-04-29 23:44:34.024 [main] INFO  cn.truncle.yumubot.CQServiceTests - No active profile set, falling back to default profiles: default
2021-04-29 23:44:35.168 [main] INFO  cn.truncle.yumubot.CQServiceTests - Started CQServiceTests in 1.367 seconds (JVM running for 2.187)
2021-04-29 23:44:35.661 [main] ERROR cn.truncle.yumubot.service.CQService - {"msg":"NOT_MANAGEABLE","wording":"机器人权限不足","retcode":100,"status":"failed"}
2021-04-29 23:44:37.619 [main] DEBUG cn.truncle.yumubot.OSUServiceTests - token = eyJ0eXAiOiJKV1QiLCJhbGciOiJSUzI1NiJ9.eyJhdWQiOiI2MjY3IiwianRpIjoiMDcxYjBiYzQxOWEyNzJlYTg4ZTAxMmUwMjRiMGYxMjA4ZmY4ODAzNjQ1NGExYjZjNTE2NjY3NzM5YWU0YmFiZmVkMTc0Mzk4YjEyODZmMzgiLCJpYXQiOjE2MTk3MTEwNzcsIm5iZiI6MTYxOTcxMTA3NywiZXhwIjoxNjE5Nzk3NDc3LCJzdWIiOiIiLCJzY29wZXMiOlsicHVibGljIl19.UfSOCrIn6dFNcs355No28Mdi_Nv4mPF9Z2A-2dK9po-Tem1D_5zMRxLnACILPzj-yDfYoyk_XqGQws3orakKC598utfas0MDXKhgPxWPDN5a0HoBVd_YW2dkGVzALe7U-iW8FlxEUNDXh8s_p5LqEsc9HbLOY2hv0_NbK05Kkqsbz6d0eGyjk3r9InynNE182HGrBddGSfG8RNoalvfyjfjAzp0GumE6F3PCGqHPRFfxmB0AuXkEDbldPGvE2h8cXOvoHA791ASzpKRh8kWsw1V6G6dSJ1wD8I-ak7iTromao2I46XM9yYNsZ-zLGjDzzy_hNlww6jsbO2gj3l5NfMRbC5fAnJZyecIt7GpPXgywCWYguEEaQtbeHxGGbYWAH1dBoDL7_hFlmeB0HzCQbfULwVHWele_InJypibU7e-jLzitRLaxpJljVSoQliE7-cmoJ450Qo2aoKPgqfc6B93z8wJs6fAL4z7BRaS6WaXz_s6iYX7fHVu_bmmGfvn3AHkl5YIZV7klWIry9N4gQbPWj4T5Uva0PuNPVLmIATYgkukw3nlX-9VeZvLS2l_WHV384NT0iazYf5YQ_nc4uW0MN-trxWLS_qB_xVta2UqeEXruNi6KPu769XrAFZpqPN_KcHILu9X3K8Ype1N5HScZ6NsV3Btj8MPrFU4qbjY
2021-04-29 23:44:42.516 [main] DEBUG cn.truncle.yumubot.service.OSUService - getUserInfo: osuId = 14218879
2021-04-29 23:46:53.877 [main] INFO  cn.truncle.yumubot.EventControllerTests - Starting EventControllerTests using Java 12.0.2 on DESKTOP-1NBRITB with PID 5324 (started by Administrator in A:\java\Yumubot)
2021-04-29 23:46:53.879 [main] DEBUG cn.truncle.yumubot.EventControllerTests - Running with Spring Boot v2.4.3, Spring v5.3.4
2021-04-29 23:46:53.880 [main] INFO  cn.truncle.yumubot.EventControllerTests - No active profile set, falling back to default profiles: default
2021-04-29 23:46:55.020 [main] INFO  cn.truncle.yumubot.EventControllerTests - Started EventControllerTests in 1.378 seconds (JVM running for 2.272)
2021-04-29 23:48:34.899 [main] INFO  cn.truncle.yumubot.CQServiceTests - Starting CQServiceTests using Java 12.0.2 on DESKTOP-1NBRITB with PID 5832 (started by Administrator in A:\java\Yumubot)
2021-04-29 23:48:34.902 [main] DEBUG cn.truncle.yumubot.CQServiceTests - Running with Spring Boot v2.4.3, Spring v5.3.4
2021-04-29 23:48:34.903 [main] INFO  cn.truncle.yumubot.CQServiceTests - No active profile set, falling back to default profiles: default
2021-04-29 23:48:36.083 [main] INFO  cn.truncle.yumubot.CQServiceTests - Started CQServiceTests in 1.406 seconds (JVM running for 2.231)
