2021-04-27 22:23:54.583 [main] INFO  cn.truncle.yumubot.CQServiceTests - Starting CQServiceTests using Java 12.0.2 on DESKTOP-1NBRITB with PID 13464 (started by Administrator in A:\java\Yumubot)
2021-04-27 22:23:54.585 [main] DEBUG cn.truncle.yumubot.CQServiceTests - Running with Spring Boot v2.4.3, Spring v5.3.4
2021-04-27 22:23:54.586 [main] INFO  cn.truncle.yumubot.CQServiceTests - No active profile set, falling back to default profiles: default
2021-04-27 22:23:55.954 [main] INFO  cn.truncle.yumubot.CQServiceTests - Started CQServiceTests in 1.661 seconds (JVM running for 2.795)
2021-04-27 22:24:31.170 [main] INFO  cn.truncle.yumubot.CQServiceTests - Starting CQServiceTests using Java 12.0.2 on DESKTOP-1NBRITB with PID 12960 (started by Administrator in A:\java\Yumubot)
2021-04-27 22:24:31.172 [main] DEBUG cn.truncle.yumubot.CQServiceTests - Running with Spring Boot v2.4.3, Spring v5.3.4
2021-04-27 22:24:31.173 [main] INFO  cn.truncle.yumubot.CQServiceTests - No active profile set, falling back to default profiles: default
2021-04-27 22:24:32.328 [main] INFO  cn.truncle.yumubot.CQServiceTests - Started CQServiceTests in 1.408 seconds (JVM running for 2.355)
2021-04-27 22:25:22.573 [main] INFO  cn.truncle.yumubot.CQServiceTests - Starting CQServiceTests using Java 12.0.2 on DESKTOP-1NBRITB with PID 8044 (started by Administrator in A:\java\Yumubot)
2021-04-27 22:25:22.575 [main] DEBUG cn.truncle.yumubot.CQServiceTests - Running with Spring Boot v2.4.3, Spring v5.3.4
2021-04-27 22:25:22.577 [main] INFO  cn.truncle.yumubot.CQServiceTests - No active profile set, falling back to default profiles: default
2021-04-27 22:25:23.686 [main] INFO  cn.truncle.yumubot.CQServiceTests - Started CQServiceTests in 1.343 seconds (JVM running for 2.282)
2021-04-27 22:26:17.587 [main] INFO  cn.truncle.yumubot.CQServiceTests - Starting CQServiceTests using Java 12.0.2 on DESKTOP-1NBRITB with PID 3508 (started by Administrator in A:\java\Yumubot)
2021-04-27 22:26:17.589 [main] DEBUG cn.truncle.yumubot.CQServiceTests - Running with Spring Boot v2.4.3, Spring v5.3.4
2021-04-27 22:26:17.591 [main] INFO  cn.truncle.yumubot.CQServiceTests - No active profile set, falling back to default profiles: default
2021-04-27 22:26:18.733 [main] INFO  cn.truncle.yumubot.CQServiceTests - Started CQServiceTests in 1.387 seconds (JVM running for 2.288)
2021-04-27 22:26:38.118 [main] INFO  cn.truncle.yumubot.CQServiceTests - Starting CQServiceTests using Java 12.0.2 on DESKTOP-1NBRITB with PID 12180 (started by Administrator in A:\java\Yumubot)
2021-04-27 22:26:38.121 [main] DEBUG cn.truncle.yumubot.CQServiceTests - Running with Spring Boot v2.4.3, Spring v5.3.4
2021-04-27 22:26:38.122 [main] INFO  cn.truncle.yumubot.CQServiceTests - No active profile set, falling back to default profiles: default
2021-04-27 22:26:39.305 [main] INFO  cn.truncle.yumubot.CQServiceTests - Started CQServiceTests in 1.428 seconds (JVM running for 2.29)
2021-04-27 22:27:36.204 [main] INFO  cn.truncle.yumubot.CQServiceTests - Starting CQServiceTests using Java 12.0.2 on DESKTOP-1NBRITB with PID 13832 (started by Administrator in A:\java\Yumubot)
2021-04-27 22:27:36.206 [main] DEBUG cn.truncle.yumubot.CQServiceTests - Running with Spring Boot v2.4.3, Spring v5.3.4
2021-04-27 22:27:36.208 [main] INFO  cn.truncle.yumubot.CQServiceTests - No active profile set, falling back to default profiles: default
2021-04-27 22:27:37.325 [main] INFO  cn.truncle.yumubot.CQServiceTests - Started CQServiceTests in 1.356 seconds (JVM running for 2.274)
2021-04-27 22:32:35.518 [main] INFO  cn.truncle.yumubot.CQServiceTests - Starting CQServiceTests using Java 12.0.2 on DESKTOP-1NBRITB with PID 14788 (started by Administrator in A:\java\Yumubot)
2021-04-27 22:32:35.520 [main] DEBUG cn.truncle.yumubot.CQServiceTests - Running with Spring Boot v2.4.3, Spring v5.3.4
2021-04-27 22:32:35.521 [main] INFO  cn.truncle.yumubot.CQServiceTests - No active profile set, falling back to default profiles: default
2021-04-27 22:32:36.711 [main] INFO  cn.truncle.yumubot.CQServiceTests - Started CQServiceTests in 1.445 seconds (JVM running for 2.401)
2021-04-27 22:33:51.024 [main] INFO  cn.truncle.yumubot.CQServiceTests - Starting CQServiceTests using Java 12.0.2 on DESKTOP-1NBRITB with PID 3432 (started by Administrator in A:\java\Yumubot)
2021-04-27 22:33:51.026 [main] DEBUG cn.truncle.yumubot.CQServiceTests - Running with Spring Boot v2.4.3, Spring v5.3.4
2021-04-27 22:33:51.027 [main] INFO  cn.truncle.yumubot.CQServiceTests - No active profile set, falling back to default profiles: default
2021-04-27 22:33:52.211 [main] INFO  cn.truncle.yumubot.CQServiceTests - Started CQServiceTests in 1.437 seconds (JVM running for 2.368)
2021-04-27 22:51:21.880 [main] INFO  cn.truncle.yumubot.CQServiceTests - Starting CQServiceTests using Java 12.0.2 on DESKTOP-1NBRITB with PID 12696 (started by Administrator in A:\java\Yumubot)
2021-04-27 22:51:21.882 [main] DEBUG cn.truncle.yumubot.CQServiceTests - Running with Spring Boot v2.4.3, Spring v5.3.4
2021-04-27 22:51:21.883 [main] INFO  cn.truncle.yumubot.CQServiceTests - No active profile set, falling back to default profiles: default
2021-04-27 22:51:23.036 [main] INFO  cn.truncle.yumubot.CQServiceTests - Started CQServiceTests in 1.39 seconds (JVM running for 2.285)
2021-04-27 22:51:23.638 [main] ERROR cn.truncle.yumubot.service.CQService - 请求异常
2021-04-27 22:51:50.191 [main] INFO  cn.truncle.yumubot.CQServiceTests - Starting CQServiceTests using Java 12.0.2 on DESKTOP-1NBRITB with PID 2460 (started by Administrator in A:\java\Yumubot)
2021-04-27 22:51:50.193 [main] DEBUG cn.truncle.yumubot.CQServiceTests - Running with Spring Boot v2.4.3, Spring v5.3.4
2021-04-27 22:51:50.194 [main] INFO  cn.truncle.yumubot.CQServiceTests - No active profile set, falling back to default profiles: default
2021-04-27 22:51:51.321 [main] INFO  cn.truncle.yumubot.CQServiceTests - Started CQServiceTests in 1.367 seconds (JVM running for 2.245)
2021-04-27 22:51:51.771 [main] ERROR cn.truncle.yumubot.service.CQService - 请求异常
2021-04-27 22:52:10.343 [main] INFO  cn.truncle.yumubot.CQServiceTests - Starting CQServiceTests using Java 12.0.2 on DESKTOP-1NBRITB with PID 13708 (started by Administrator in A:\java\Yumubot)
2021-04-27 22:52:10.345 [main] DEBUG cn.truncle.yumubot.CQServiceTests - Running with Spring Boot v2.4.3, Spring v5.3.4
2021-04-27 22:52:10.347 [main] INFO  cn.truncle.yumubot.CQServiceTests - No active profile set, falling back to default profiles: default
2021-04-27 22:52:11.484 [main] INFO  cn.truncle.yumubot.CQServiceTests - Started CQServiceTests in 1.39 seconds (JVM running for 2.464)
2021-04-27 22:53:23.074 [main] INFO  cn.truncle.yumubot.CQServiceTests - Starting CQServiceTests using Java 12.0.2 on DESKTOP-1NBRITB with PID 14924 (started by Administrator in A:\java\Yumubot)
2021-04-27 22:53:23.076 [main] DEBUG cn.truncle.yumubot.CQServiceTests - Running with Spring Boot v2.4.3, Spring v5.3.4
2021-04-27 22:53:23.077 [main] INFO  cn.truncle.yumubot.CQServiceTests - No active profile set, falling back to default profiles: default
2021-04-27 22:53:24.216 [main] INFO  cn.truncle.yumubot.CQServiceTests - Started CQServiceTests in 1.374 seconds (JVM running for 2.247)
2021-04-27 22:54:22.373 [main] INFO  cn.truncle.yumubot.CQServiceTests - Starting CQServiceTests using Java 12.0.2 on DESKTOP-1NBRITB with PID 12012 (started by Administrator in A:\java\Yumubot)
2021-04-27 22:54:22.374 [main] DEBUG cn.truncle.yumubot.CQServiceTests - Running with Spring Boot v2.4.3, Spring v5.3.4
2021-04-27 22:54:22.376 [main] INFO  cn.truncle.yumubot.CQServiceTests - No active profile set, falling back to default profiles: default
2021-04-27 22:54:23.496 [main] INFO  cn.truncle.yumubot.CQServiceTests - Started CQServiceTests in 1.358 seconds (JVM running for 2.246)
2021-04-27 22:54:23.972 [main] ERROR cn.truncle.yumubot.service.CQService - 请求异常
2021-04-27 22:54:46.303 [main] INFO  cn.truncle.yumubot.CQServiceTests - Starting CQServiceTests using Java 12.0.2 on DESKTOP-1NBRITB with PID 9476 (started by Administrator in A:\java\Yumubot)
2021-04-27 22:54:46.305 [main] DEBUG cn.truncle.yumubot.CQServiceTests - Running with Spring Boot v2.4.3, Spring v5.3.4
2021-04-27 22:54:46.306 [main] INFO  cn.truncle.yumubot.CQServiceTests - No active profile set, falling back to default profiles: default
2021-04-27 22:54:47.400 [main] INFO  cn.truncle.yumubot.CQServiceTests - Started CQServiceTests in 1.332 seconds (JVM running for 2.194)
2021-04-27 22:54:47.848 [main] ERROR cn.truncle.yumubot.service.CQService - 请求异常
2021-04-27 22:55:07.698 [main] INFO  cn.truncle.yumubot.CQServiceTests - Starting CQServiceTests using Java 12.0.2 on DESKTOP-1NBRITB with PID 10772 (started by Administrator in A:\java\Yumubot)
2021-04-27 22:55:07.700 [main] DEBUG cn.truncle.yumubot.CQServiceTests - Running with Spring Boot v2.4.3, Spring v5.3.4
2021-04-27 22:55:07.701 [main] INFO  cn.truncle.yumubot.CQServiceTests - No active profile set, falling back to default profiles: default
2021-04-27 22:55:08.835 [main] INFO  cn.truncle.yumubot.CQServiceTests - Started CQServiceTests in 1.381 seconds (JVM running for 2.259)
2021-04-27 23:18:46.168 [main] INFO  cn.truncle.yumubot.CQServiceTests - Starting CQServiceTests using Java 12.0.2 on DESKTOP-1NBRITB with PID 7416 (started by Administrator in A:\java\Yumubot)
2021-04-27 23:18:46.170 [main] DEBUG cn.truncle.yumubot.CQServiceTests - Running with Spring Boot v2.4.3, Spring v5.3.4
2021-04-27 23:18:46.171 [main] INFO  cn.truncle.yumubot.CQServiceTests - No active profile set, falling back to default profiles: default
2021-04-27 23:18:47.307 [main] INFO  cn.truncle.yumubot.CQServiceTests - Started CQServiceTests in 1.376 seconds (JVM running for 2.294)
2021-04-27 23:30:10.760 [main] INFO  cn.truncle.yumubot.CQServiceTests - Starting CQServiceTests using Java 12.0.2 on DESKTOP-1NBRITB with PID 7244 (started by Administrator in A:\java\Yumubot)
2021-04-27 23:30:10.762 [main] DEBUG cn.truncle.yumubot.CQServiceTests - Running with Spring Boot v2.4.3, Spring v5.3.4
2021-04-27 23:30:10.764 [main] INFO  cn.truncle.yumubot.CQServiceTests - No active profile set, falling back to default profiles: default
2021-04-27 23:30:11.893 [main] INFO  cn.truncle.yumubot.CQServiceTests - Started CQServiceTests in 1.366 seconds (JVM running for 2.25)
2021-04-27 23:34:51.856 [main] INFO  cn.truncle.yumubot.CQServiceTests - Starting CQServiceTests using Java 12.0.2 on DESKTOP-1NBRITB with PID 13304 (started by Administrator in A:\java\Yumubot)
2021-04-27 23:34:51.858 [main] DEBUG cn.truncle.yumubot.CQServiceTests - Running with Spring Boot v2.4.3, Spring v5.3.4
2021-04-27 23:34:51.860 [main] INFO  cn.truncle.yumubot.CQServiceTests - No active profile set, falling back to default profiles: default
2021-04-27 23:34:52.960 [main] INFO  cn.truncle.yumubot.CQServiceTests - Started CQServiceTests in 1.339 seconds (JVM running for 2.233)
2021-04-27 23:41:57.299 [main] INFO  cn.truncle.yumubot.CQServiceTests - Starting CQServiceTests using Java 12.0.2 on DESKTOP-1NBRITB with PID 9424 (started by Administrator in A:\java\Yumubot)
2021-04-27 23:41:57.302 [main] DEBUG cn.truncle.yumubot.CQServiceTests - Running with Spring Boot v2.4.3, Spring v5.3.4
2021-04-27 23:41:57.303 [main] INFO  cn.truncle.yumubot.CQServiceTests - No active profile set, falling back to default profiles: default
2021-04-27 23:41:58.485 [main] INFO  cn.truncle.yumubot.CQServiceTests - Started CQServiceTests in 1.44 seconds (JVM running for 2.351)
2021-04-27 23:42:10.677 [main] INFO  cn.truncle.yumubot.YumubotApplication - Starting YumubotApplication using Java 12.0.2 on DESKTOP-1NBRITB with PID 12768 (A:\java\Yumubot\target\classes started by Administrator in A:\java\Yumubot)
2021-04-27 23:42:10.678 [main] DEBUG cn.truncle.yumubot.YumubotApplication - Running with Spring Boot v2.4.3, Spring v5.3.4
2021-04-27 23:42:10.679 [main] INFO  cn.truncle.yumubot.YumubotApplication - No active profile set, falling back to default profiles: default
2021-04-27 23:42:11.613 [main] INFO  cn.truncle.yumubot.YumubotApplication - Started YumubotApplication in 1.194 seconds (JVM running for 2.251)
2021-04-27 23:42:12.587 [http-nio-8080-exec-1] DEBUG cn.truncle.yumubot.controller.EventController - Heartbeat
2021-04-27 23:42:17.362 [http-nio-8080-exec-2] DEBUG cn.truncle.yumubot.controller.EventController - Heartbeat
2021-04-27 23:42:22.363 [http-nio-8080-exec-3] DEBUG cn.truncle.yumubot.controller.EventController - Heartbeat
2021-04-27 23:42:27.370 [http-nio-8080-exec-4] DEBUG cn.truncle.yumubot.controller.EventController - Heartbeat
2021-04-27 23:42:32.367 [http-nio-8080-exec-5] DEBUG cn.truncle.yumubot.controller.EventController - Heartbeat
2021-04-27 23:42:37.366 [http-nio-8080-exec-6] DEBUG cn.truncle.yumubot.controller.EventController - Heartbeat
2021-04-27 23:42:42.371 [http-nio-8080-exec-7] DEBUG cn.truncle.yumubot.controller.EventController - Heartbeat
2021-04-27 23:42:47.365 [http-nio-8080-exec-8] DEBUG cn.truncle.yumubot.controller.EventController - Heartbeat
2021-04-27 23:42:50.785 [main] INFO  cn.truncle.yumubot.YumubotApplication - Starting YumubotApplication using Java 12.0.2 on DESKTOP-1NBRITB with PID 7044 (A:\java\Yumubot\target\classes started by Administrator in A:\java\Yumubot)
2021-04-27 23:42:50.786 [main] DEBUG cn.truncle.yumubot.YumubotApplication - Running with Spring Boot v2.4.3, Spring v5.3.4
2021-04-27 23:42:50.787 [main] INFO  cn.truncle.yumubot.YumubotApplication - No active profile set, falling back to default profiles: default
2021-04-27 23:42:51.590 [main] INFO  cn.truncle.yumubot.YumubotApplication - Started YumubotApplication in 1.053 seconds (JVM running for 1.641)
2021-04-27 23:42:52.459 [http-nio-8080-exec-2] DEBUG cn.truncle.yumubot.controller.EventController - {"self_id":2480557535,"interval":5000,"post_type":"meta_event","time":1619538172,"meta_event_type":"heartbeat","status":{"app_enabled":true,"app_good":true,"app_initialized":true,"good":true,"online":true,"stat":{"packet_received":63,"packet_sent":57,"packet_lost":0,"message_received":0,"message_sent":0,"disconnect_times":0,"lost_times":0,"last_message_time":0}}}
2021-04-27 23:42:52.459 [http-nio-8080-exec-2] DEBUG cn.truncle.yumubot.controller.EventController - Heartbeat
2021-04-27 23:42:57.370 [http-nio-8080-exec-1] DEBUG cn.truncle.yumubot.controller.EventController - {"self_id":2480557535,"interval":5000,"post_type":"meta_event","time":1619538177,"meta_event_type":"heartbeat","status":{"app_enabled":true,"app_good":true,"app_initialized":true,"good":true,"online":true,"stat":{"packet_received":64,"packet_sent":58,"packet_lost":0,"message_received":0,"message_sent":0,"disconnect_times":0,"lost_times":0,"last_message_time":0}}}
2021-04-27 23:42:57.370 [http-nio-8080-exec-1] DEBUG cn.truncle.yumubot.controller.EventController - Heartbeat
2021-04-27 23:43:02.360 [http-nio-8080-exec-3] DEBUG cn.truncle.yumubot.controller.EventController - {"self_id":2480557535,"interval":5000,"post_type":"meta_event","time":1619538182,"meta_event_type":"heartbeat","status":{"app_enabled":true,"app_good":true,"app_initialized":true,"good":true,"online":true,"stat":{"packet_received":64,"packet_sent":58,"packet_lost":0,"message_received":0,"message_sent":0,"disconnect_times":0,"lost_times":0,"last_message_time":0}}}
2021-04-27 23:43:02.360 [http-nio-8080-exec-3] DEBUG cn.truncle.yumubot.controller.EventController - Heartbeat
2021-04-27 23:43:07.369 [http-nio-8080-exec-4] DEBUG cn.truncle.yumubot.controller.EventController - {"self_id":2480557535,"interval":5000,"post_type":"meta_event","time":1619538187,"meta_event_type":"heartbeat","status":{"app_enabled":true,"app_good":true,"app_initialized":true,"good":true,"online":true,"stat":{"packet_received":64,"packet_sent":58,"packet_lost":0,"message_received":0,"message_sent":0,"disconnect_times":0,"lost_times":0,"last_message_time":0}}}
2021-04-27 23:43:07.369 [http-nio-8080-exec-4] DEBUG cn.truncle.yumubot.controller.EventController - Heartbeat
2021-04-27 23:43:12.367 [http-nio-8080-exec-5] DEBUG cn.truncle.yumubot.controller.EventController - {"self_id":2480557535,"interval":5000,"post_type":"meta_event","time":1619538192,"meta_event_type":"heartbeat","status":{"app_enabled":true,"app_good":true,"app_initialized":true,"good":true,"online":true,"stat":{"packet_received":64,"packet_sent":58,"packet_lost":0,"message_received":0,"message_sent":0,"disconnect_times":0,"lost_times":0,"last_message_time":0}}}
2021-04-27 23:43:12.367 [http-nio-8080-exec-5] DEBUG cn.truncle.yumubot.controller.EventController - Heartbeat
2021-04-27 23:43:17.363 [http-nio-8080-exec-6] DEBUG cn.truncle.yumubot.controller.EventController - {"self_id":2480557535,"interval":5000,"post_type":"meta_event","time":1619538197,"meta_event_type":"heartbeat","status":{"app_enabled":true,"app_good":true,"app_initialized":true,"good":true,"online":true,"stat":{"packet_received":64,"packet_sent":58,"packet_lost":0,"message_received":0,"message_sent":0,"disconnect_times":0,"lost_times":0,"last_message_time":0}}}
2021-04-27 23:43:17.363 [http-nio-8080-exec-6] DEBUG cn.truncle.yumubot.controller.EventController - Heartbeat
2021-04-27 23:43:22.358 [http-nio-8080-exec-7] DEBUG cn.truncle.yumubot.controller.EventController - {"self_id":2480557535,"interval":5000,"post_type":"meta_event","time":1619538202,"meta_event_type":"heartbeat","status":{"app_enabled":true,"app_good":true,"app_initialized":true,"good":true,"online":true,"stat":{"packet_received":64,"packet_sent":58,"packet_lost":0,"message_received":0,"message_sent":0,"disconnect_times":0,"lost_times":0,"last_message_time":0}}}
2021-04-27 23:43:22.358 [http-nio-8080-exec-7] DEBUG cn.truncle.yumubot.controller.EventController - Heartbeat
2021-04-27 23:43:27.371 [http-nio-8080-exec-8] DEBUG cn.truncle.yumubot.controller.EventController - {"self_id":2480557535,"interval":5000,"post_type":"meta_event","time":1619538207,"meta_event_type":"heartbeat","status":{"app_enabled":true,"app_good":true,"app_initialized":true,"good":true,"online":true,"stat":{"packet_received":65,"packet_sent":59,"packet_lost":0,"message_received":0,"message_sent":0,"disconnect_times":0,"lost_times":0,"last_message_time":0}}}
2021-04-27 23:43:27.371 [http-nio-8080-exec-8] DEBUG cn.truncle.yumubot.controller.EventController - Heartbeat
2021-04-27 23:43:32.365 [http-nio-8080-exec-9] DEBUG cn.truncle.yumubot.controller.EventController - {"self_id":2480557535,"interval":5000,"post_type":"meta_event","time":1619538212,"meta_event_type":"heartbeat","status":{"app_enabled":true,"app_good":true,"app_initialized":true,"good":true,"online":true,"stat":{"packet_received":65,"packet_sent":59,"packet_lost":0,"message_received":0,"message_sent":0,"disconnect_times":0,"lost_times":0,"last_message_time":0}}}
2021-04-27 23:43:32.365 [http-nio-8080-exec-9] DEBUG cn.truncle.yumubot.controller.EventController - Heartbeat
2021-04-27 23:43:37.365 [http-nio-8080-exec-10] DEBUG cn.truncle.yumubot.controller.EventController - {"self_id":2480557535,"interval":5000,"post_type":"meta_event","time":1619538217,"meta_event_type":"heartbeat","status":{"app_enabled":true,"app_good":true,"app_initialized":true,"good":true,"online":true,"stat":{"packet_received":65,"packet_sent":59,"packet_lost":0,"message_received":0,"message_sent":0,"disconnect_times":0,"lost_times":0,"last_message_time":0}}}
2021-04-27 23:43:37.365 [http-nio-8080-exec-10] DEBUG cn.truncle.yumubot.controller.EventController - Heartbeat
2021-04-27 23:43:42.373 [http-nio-8080-exec-2] DEBUG cn.truncle.yumubot.controller.EventController - {"self_id":2480557535,"interval":5000,"post_type":"meta_event","time":1619538222,"meta_event_type":"heartbeat","status":{"app_enabled":true,"app_good":true,"app_initialized":true,"good":true,"online":true,"stat":{"packet_received":65,"packet_sent":59,"packet_lost":0,"message_received":0,"message_sent":0,"disconnect_times":0,"lost_times":0,"last_message_time":0}}}
2021-04-27 23:43:42.373 [http-nio-8080-exec-2] DEBUG cn.truncle.yumubot.controller.EventController - Heartbeat
2021-04-27 23:43:47.370 [http-nio-8080-exec-1] DEBUG cn.truncle.yumubot.controller.EventController - {"self_id":2480557535,"interval":5000,"post_type":"meta_event","time":1619538227,"meta_event_type":"heartbeat","status":{"app_enabled":true,"app_good":true,"app_initialized":true,"good":true,"online":true,"stat":{"packet_received":65,"packet_sent":59,"packet_lost":0,"message_received":0,"message_sent":0,"disconnect_times":0,"lost_times":0,"last_message_time":0}}}
2021-04-27 23:43:47.371 [http-nio-8080-exec-1] DEBUG cn.truncle.yumubot.controller.EventController - Heartbeat
2021-04-27 23:43:52.368 [http-nio-8080-exec-3] DEBUG cn.truncle.yumubot.controller.EventController - {"self_id":2480557535,"interval":5000,"post_type":"meta_event","time":1619538232,"meta_event_type":"heartbeat","status":{"app_enabled":true,"app_good":true,"app_initialized":true,"good":true,"online":true,"stat":{"packet_received":65,"packet_sent":59,"packet_lost":0,"message_received":0,"message_sent":0,"disconnect_times":0,"lost_times":0,"last_message_time":0}}}
2021-04-27 23:43:52.368 [http-nio-8080-exec-3] DEBUG cn.truncle.yumubot.controller.EventController - Heartbeat
2021-04-27 23:43:57.362 [http-nio-8080-exec-4] DEBUG cn.truncle.yumubot.controller.EventController - {"self_id":2480557535,"interval":5000,"post_type":"meta_event","time":1619538237,"meta_event_type":"heartbeat","status":{"app_enabled":true,"app_good":true,"app_initialized":true,"good":true,"online":true,"stat":{"packet_received":66,"packet_sent":60,"packet_lost":0,"message_received":0,"message_sent":0,"disconnect_times":0,"lost_times":0,"last_message_time":0}}}
2021-04-27 23:43:57.363 [http-nio-8080-exec-4] DEBUG cn.truncle.yumubot.controller.EventController - Heartbeat
2021-04-27 23:44:02.358 [http-nio-8080-exec-5] DEBUG cn.truncle.yumubot.controller.EventController - {"self_id":2480557535,"interval":5000,"post_type":"meta_event","time":1619538242,"meta_event_type":"heartbeat","status":{"app_enabled":true,"app_good":true,"app_initialized":true,"good":true,"online":true,"stat":{"packet_received":66,"packet_sent":60,"packet_lost":0,"message_received":0,"message_sent":0,"disconnect_times":0,"lost_times":0,"last_message_time":0}}}
2021-04-27 23:44:02.358 [http-nio-8080-exec-5] DEBUG cn.truncle.yumubot.controller.EventController - Heartbeat
2021-04-27 23:44:07.360 [http-nio-8080-exec-6] DEBUG cn.truncle.yumubot.controller.EventController - {"self_id":2480557535,"interval":5000,"post_type":"meta_event","time":1619538247,"meta_event_type":"heartbeat","status":{"app_enabled":true,"app_good":true,"app_initialized":true,"good":true,"online":true,"stat":{"packet_received":66,"packet_sent":60,"packet_lost":0,"message_received":0,"message_sent":0,"disconnect_times":0,"lost_times":0,"last_message_time":0}}}
2021-04-27 23:44:07.360 [http-nio-8080-exec-6] DEBUG cn.truncle.yumubot.controller.EventController - Heartbeat
2021-04-27 23:44:12.364 [http-nio-8080-exec-7] DEBUG cn.truncle.yumubot.controller.EventController - {"self_id":2480557535,"interval":5000,"post_type":"meta_event","time":1619538252,"meta_event_type":"heartbeat","status":{"app_enabled":true,"app_good":true,"app_initialized":true,"good":true,"online":true,"stat":{"packet_received":66,"packet_sent":60,"packet_lost":0,"message_received":0,"message_sent":0,"disconnect_times":0,"lost_times":0,"last_message_time":0}}}
2021-04-27 23:44:12.364 [http-nio-8080-exec-7] DEBUG cn.truncle.yumubot.controller.EventController - Heartbeat
2021-04-27 23:44:17.372 [http-nio-8080-exec-8] DEBUG cn.truncle.yumubot.controller.EventController - {"self_id":2480557535,"interval":5000,"post_type":"meta_event","time":1619538257,"meta_event_type":"heartbeat","status":{"app_enabled":true,"app_good":true,"app_initialized":true,"good":true,"online":true,"stat":{"packet_received":66,"packet_sent":60,"packet_lost":0,"message_received":0,"message_sent":0,"disconnect_times":0,"lost_times":0,"last_message_time":0}}}
2021-04-27 23:44:17.373 [http-nio-8080-exec-8] DEBUG cn.truncle.yumubot.controller.EventController - Heartbeat
2021-04-27 23:44:22.366 [http-nio-8080-exec-9] DEBUG cn.truncle.yumubot.controller.EventController - {"self_id":2480557535,"interval":5000,"post_type":"meta_event","time":1619538262,"meta_event_type":"heartbeat","status":{"app_enabled":true,"app_good":true,"app_initialized":true,"good":true,"online":true,"stat":{"packet_received":66,"packet_sent":60,"packet_lost":0,"message_received":0,"message_sent":0,"disconnect_times":0,"lost_times":0,"last_message_time":0}}}
2021-04-27 23:44:22.367 [http-nio-8080-exec-9] DEBUG cn.truncle.yumubot.controller.EventController - Heartbeat
2021-04-27 23:44:27.366 [http-nio-8080-exec-10] DEBUG cn.truncle.yumubot.controller.EventController - {"self_id":2480557535,"interval":5000,"post_type":"meta_event","time":1619538267,"meta_event_type":"heartbeat","status":{"app_enabled":true,"app_good":true,"app_initialized":true,"good":true,"online":true,"stat":{"packet_received":67,"packet_sent":61,"packet_lost":0,"message_received":0,"message_sent":0,"disconnect_times":0,"lost_times":0,"last_message_time":0}}}
2021-04-27 23:44:27.367 [http-nio-8080-exec-10] DEBUG cn.truncle.yumubot.controller.EventController - Heartbeat
2021-04-27 23:44:32.366 [http-nio-8080-exec-2] DEBUG cn.truncle.yumubot.controller.EventController - {"self_id":2480557535,"interval":5000,"post_type":"meta_event","time":1619538272,"meta_event_type":"heartbeat","status":{"app_enabled":true,"app_good":true,"app_initialized":true,"good":true,"online":true,"stat":{"packet_received":67,"packet_sent":61,"packet_lost":0,"message_received":0,"message_sent":0,"disconnect_times":0,"lost_times":0,"last_message_time":0}}}
2021-04-27 23:44:32.366 [http-nio-8080-exec-2] DEBUG cn.truncle.yumubot.controller.EventController - Heartbeat
2021-04-27 23:44:37.366 [http-nio-8080-exec-1] DEBUG cn.truncle.yumubot.controller.EventController - {"self_id":2480557535,"interval":5000,"post_type":"meta_event","time":1619538277,"meta_event_type":"heartbeat","status":{"app_enabled":true,"app_good":true,"app_initialized":true,"good":true,"online":true,"stat":{"packet_received":67,"packet_sent":61,"packet_lost":0,"message_received":0,"message_sent":0,"disconnect_times":0,"lost_times":0,"last_message_time":0}}}
2021-04-27 23:44:37.366 [http-nio-8080-exec-1] DEBUG cn.truncle.yumubot.controller.EventController - Heartbeat
2021-04-27 23:44:42.368 [http-nio-8080-exec-3] DEBUG cn.truncle.yumubot.controller.EventController - {"self_id":2480557535,"interval":5000,"post_type":"meta_event","time":1619538282,"meta_event_type":"heartbeat","status":{"app_enabled":true,"app_good":true,"app_initialized":true,"good":true,"online":true,"stat":{"packet_received":67,"packet_sent":61,"packet_lost":0,"message_received":0,"message_sent":0,"disconnect_times":0,"lost_times":0,"last_message_time":0}}}
2021-04-27 23:44:42.369 [http-nio-8080-exec-3] DEBUG cn.truncle.yumubot.controller.EventController - Heartbeat
2021-04-27 23:44:47.370 [http-nio-8080-exec-4] DEBUG cn.truncle.yumubot.controller.EventController - {"self_id":2480557535,"interval":5000,"post_type":"meta_event","time":1619538287,"meta_event_type":"heartbeat","status":{"app_enabled":true,"app_good":true,"app_initialized":true,"good":true,"online":true,"stat":{"packet_received":67,"packet_sent":61,"packet_lost":0,"message_received":0,"message_sent":0,"disconnect_times":0,"lost_times":0,"last_message_time":0}}}
2021-04-27 23:44:47.370 [http-nio-8080-exec-4] DEBUG cn.truncle.yumubot.controller.EventController - Heartbeat
2021-04-27 23:44:52.363 [http-nio-8080-exec-5] DEBUG cn.truncle.yumubot.controller.EventController - {"self_id":2480557535,"interval":5000,"post_type":"meta_event","time":1619538292,"meta_event_type":"heartbeat","status":{"app_enabled":true,"app_good":true,"app_initialized":true,"good":true,"online":true,"stat":{"packet_received":67,"packet_sent":61,"packet_lost":0,"message_received":0,"message_sent":0,"disconnect_times":0,"lost_times":0,"last_message_time":0}}}
2021-04-27 23:44:52.363 [http-nio-8080-exec-5] DEBUG cn.truncle.yumubot.controller.EventController - Heartbeat
2021-04-27 23:44:57.370 [http-nio-8080-exec-6] DEBUG cn.truncle.yumubot.controller.EventController - {"self_id":2480557535,"interval":5000,"post_type":"meta_event","time":1619538297,"meta_event_type":"heartbeat","status":{"app_enabled":true,"app_good":true,"app_initialized":true,"good":true,"online":true,"stat":{"packet_received":69,"packet_sent":63,"packet_lost":0,"message_received":0,"message_sent":0,"disconnect_times":0,"lost_times":0,"last_message_time":0}}}
2021-04-27 23:44:57.370 [http-nio-8080-exec-6] DEBUG cn.truncle.yumubot.controller.EventController - Heartbeat
2021-04-27 23:45:02.364 [http-nio-8080-exec-7] DEBUG cn.truncle.yumubot.controller.EventController - {"self_id":2480557535,"interval":5000,"post_type":"meta_event","time":1619538302,"meta_event_type":"heartbeat","status":{"app_enabled":true,"app_good":true,"app_initialized":true,"good":true,"online":true,"stat":{"packet_received":69,"packet_sent":63,"packet_lost":0,"message_received":0,"message_sent":0,"disconnect_times":0,"lost_times":0,"last_message_time":0}}}
2021-04-27 23:45:02.364 [http-nio-8080-exec-7] DEBUG cn.truncle.yumubot.controller.EventController - Heartbeat
2021-04-27 23:45:07.365 [http-nio-8080-exec-8] DEBUG cn.truncle.yumubot.controller.EventController - {"self_id":2480557535,"interval":5000,"post_type":"meta_event","time":1619538307,"meta_event_type":"heartbeat","status":{"app_enabled":true,"app_good":true,"app_initialized":true,"good":true,"online":true,"stat":{"packet_received":69,"packet_sent":63,"packet_lost":0,"message_received":0,"message_sent":0,"disconnect_times":0,"lost_times":0,"last_message_time":0}}}
2021-04-27 23:45:07.365 [http-nio-8080-exec-8] DEBUG cn.truncle.yumubot.controller.EventController - Heartbeat
2021-04-27 23:45:12.357 [http-nio-8080-exec-9] DEBUG cn.truncle.yumubot.controller.EventController - {"self_id":2480557535,"interval":5000,"post_type":"meta_event","time":1619538312,"meta_event_type":"heartbeat","status":{"app_enabled":true,"app_good":true,"app_initialized":true,"good":true,"online":true,"stat":{"packet_received":69,"packet_sent":63,"packet_lost":0,"message_received":0,"message_sent":0,"disconnect_times":0,"lost_times":0,"last_message_time":0}}}
2021-04-27 23:45:12.357 [http-nio-8080-exec-9] DEBUG cn.truncle.yumubot.controller.EventController - Heartbeat
2021-04-27 23:45:17.360 [http-nio-8080-exec-10] DEBUG cn.truncle.yumubot.controller.EventController - {"self_id":2480557535,"interval":5000,"post_type":"meta_event","time":1619538317,"meta_event_type":"heartbeat","status":{"app_enabled":true,"app_good":true,"app_initialized":true,"good":true,"online":true,"stat":{"packet_received":69,"packet_sent":63,"packet_lost":0,"message_received":0,"message_sent":0,"disconnect_times":0,"lost_times":0,"last_message_time":0}}}
2021-04-27 23:45:17.360 [http-nio-8080-exec-10] DEBUG cn.truncle.yumubot.controller.EventController - Heartbeat
2021-04-27 23:45:22.362 [http-nio-8080-exec-2] DEBUG cn.truncle.yumubot.controller.EventController - {"self_id":2480557535,"interval":5000,"post_type":"meta_event","time":1619538322,"meta_event_type":"heartbeat","status":{"app_enabled":true,"app_good":true,"app_initialized":true,"good":true,"online":true,"stat":{"packet_received":69,"packet_sent":63,"packet_lost":0,"message_received":0,"message_sent":0,"disconnect_times":0,"lost_times":0,"last_message_time":0}}}
2021-04-27 23:45:22.362 [http-nio-8080-exec-2] DEBUG cn.truncle.yumubot.controller.EventController - Heartbeat
2021-04-27 23:45:27.366 [http-nio-8080-exec-1] DEBUG cn.truncle.yumubot.controller.EventController - {"self_id":2480557535,"interval":5000,"post_type":"meta_event","time":1619538327,"meta_event_type":"heartbeat","status":{"app_enabled":true,"app_good":true,"app_initialized":true,"good":true,"online":true,"stat":{"packet_received":70,"packet_sent":64,"packet_lost":0,"message_received":0,"message_sent":0,"disconnect_times":0,"lost_times":0,"last_message_time":0}}}
2021-04-27 23:45:27.367 [http-nio-8080-exec-1] DEBUG cn.truncle.yumubot.controller.EventController - Heartbeat
2021-04-27 23:45:32.360 [http-nio-8080-exec-3] DEBUG cn.truncle.yumubot.controller.EventController - {"self_id":2480557535,"interval":5000,"post_type":"meta_event","time":1619538332,"meta_event_type":"heartbeat","status":{"app_enabled":true,"app_good":true,"app_initialized":true,"good":true,"online":true,"stat":{"packet_received":70,"packet_sent":64,"packet_lost":0,"message_received":0,"message_sent":0,"disconnect_times":0,"lost_times":0,"last_message_time":0}}}
2021-04-27 23:45:32.360 [http-nio-8080-exec-3] DEBUG cn.truncle.yumubot.controller.EventController - Heartbeat
2021-04-27 23:45:37.362 [http-nio-8080-exec-4] DEBUG cn.truncle.yumubot.controller.EventController - {"self_id":2480557535,"interval":5000,"post_type":"meta_event","time":1619538337,"meta_event_type":"heartbeat","status":{"app_enabled":true,"app_good":true,"app_initialized":true,"good":true,"online":true,"stat":{"packet_received":70,"packet_sent":64,"packet_lost":0,"message_received":0,"message_sent":0,"disconnect_times":0,"lost_times":0,"last_message_time":0}}}
2021-04-27 23:45:37.362 [http-nio-8080-exec-4] DEBUG cn.truncle.yumubot.controller.EventController - Heartbeat
2021-04-27 23:45:44.010 [main] INFO  cn.truncle.yumubot.YumubotApplication - Starting YumubotApplication using Java 12.0.2 on DESKTOP-1NBRITB with PID 11708 (A:\java\Yumubot\target\classes started by Administrator in A:\java\Yumubot)
2021-04-27 23:45:44.012 [main] DEBUG cn.truncle.yumubot.YumubotApplication - Running with Spring Boot v2.4.3, Spring v5.3.4
2021-04-27 23:45:44.013 [main] INFO  cn.truncle.yumubot.YumubotApplication - No active profile set, falling back to default profiles: default
2021-04-27 23:45:44.815 [main] INFO  cn.truncle.yumubot.YumubotApplication - Started YumubotApplication in 1.046 seconds (JVM running for 1.612)
2021-04-27 23:45:47.460 [http-nio-8080-exec-2] DEBUG cn.truncle.yumubot.controller.EventController - {"self_id":2480557535,"interval":5000,"post_type":"meta_event","time":1619538347,"meta_event_type":"heartbeat","status":{"app_enabled":true,"app_good":true,"app_initialized":true,"good":true,"online":true,"stat":{"packet_received":70,"packet_sent":64,"packet_lost":0,"message_received":0,"message_sent":0,"disconnect_times":0,"lost_times":0,"last_message_time":0}}}
2021-04-27 23:45:47.461 [http-nio-8080-exec-2] DEBUG cn.truncle.yumubot.service.NoticeService - 这里是notice service
2021-04-27 23:45:52.366 [http-nio-8080-exec-1] DEBUG cn.truncle.yumubot.controller.EventController - {"self_id":2480557535,"interval":5000,"post_type":"meta_event","time":1619538352,"meta_event_type":"heartbeat","status":{"app_enabled":true,"app_good":true,"app_initialized":true,"good":true,"online":true,"stat":{"packet_received":70,"packet_sent":64,"packet_lost":0,"message_received":0,"message_sent":0,"disconnect_times":0,"lost_times":0,"last_message_time":0}}}
2021-04-27 23:45:52.366 [http-nio-8080-exec-1] DEBUG cn.truncle.yumubot.service.NoticeService - 这里是notice service
2021-04-27 23:45:57.365 [http-nio-8080-exec-3] DEBUG cn.truncle.yumubot.controller.EventController - {"self_id":2480557535,"interval":5000,"post_type":"meta_event","time":1619538357,"meta_event_type":"heartbeat","status":{"app_enabled":true,"app_good":true,"app_initialized":true,"good":true,"online":true,"stat":{"packet_received":71,"packet_sent":65,"packet_lost":0,"message_received":0,"message_sent":0,"disconnect_times":0,"lost_times":0,"last_message_time":0}}}
2021-04-27 23:45:57.365 [http-nio-8080-exec-3] DEBUG cn.truncle.yumubot.service.NoticeService - 这里是notice service
2021-04-27 23:46:02.361 [http-nio-8080-exec-4] DEBUG cn.truncle.yumubot.controller.EventController - {"self_id":2480557535,"interval":5000,"post_type":"meta_event","time":1619538362,"meta_event_type":"heartbeat","status":{"app_enabled":true,"app_good":true,"app_initialized":true,"good":true,"online":true,"stat":{"packet_received":71,"packet_sent":65,"packet_lost":0,"message_received":0,"message_sent":0,"disconnect_times":0,"lost_times":0,"last_message_time":0}}}
2021-04-27 23:46:02.361 [http-nio-8080-exec-4] DEBUG cn.truncle.yumubot.service.NoticeService - 这里是notice service
2021-04-27 23:46:07.369 [http-nio-8080-exec-5] DEBUG cn.truncle.yumubot.controller.EventController - {"self_id":2480557535,"interval":5000,"post_type":"meta_event","time":1619538367,"meta_event_type":"heartbeat","status":{"app_enabled":true,"app_good":true,"app_initialized":true,"good":true,"online":true,"stat":{"packet_received":71,"packet_sent":65,"packet_lost":0,"message_received":0,"message_sent":0,"disconnect_times":0,"lost_times":0,"last_message_time":0}}}
2021-04-27 23:46:07.370 [http-nio-8080-exec-5] DEBUG cn.truncle.yumubot.service.NoticeService - 这里是notice service
2021-04-27 23:46:12.365 [http-nio-8080-exec-6] DEBUG cn.truncle.yumubot.controller.EventController - {"self_id":2480557535,"interval":5000,"post_type":"meta_event","time":1619538372,"meta_event_type":"heartbeat","status":{"app_enabled":true,"app_good":true,"app_initialized":true,"good":true,"online":true,"stat":{"packet_received":71,"packet_sent":65,"packet_lost":0,"message_received":0,"message_sent":0,"disconnect_times":0,"lost_times":0,"last_message_time":0}}}
2021-04-27 23:46:12.365 [http-nio-8080-exec-6] DEBUG cn.truncle.yumubot.service.NoticeService - 这里是notice service
2021-04-27 23:46:17.365 [http-nio-8080-exec-7] DEBUG cn.truncle.yumubot.controller.EventController - {"self_id":2480557535,"interval":5000,"post_type":"meta_event","time":1619538377,"meta_event_type":"heartbeat","status":{"app_enabled":true,"app_good":true,"app_initialized":true,"good":true,"online":true,"stat":{"packet_received":71,"packet_sent":65,"packet_lost":0,"message_received":0,"message_sent":0,"disconnect_times":0,"lost_times":0,"last_message_time":0}}}
2021-04-27 23:46:17.365 [http-nio-8080-exec-7] DEBUG cn.truncle.yumubot.service.NoticeService - 这里是notice service
2021-04-27 23:51:31.998 [main] INFO  cn.truncle.yumubot.YumubotApplication - Starting YumubotApplication using Java 12.0.2 on DESKTOP-1NBRITB with PID 14752 (A:\java\Yumubot\target\classes started by Administrator in A:\java\Yumubot)
2021-04-27 23:51:32.000 [main] DEBUG cn.truncle.yumubot.YumubotApplication - Running with Spring Boot v2.4.3, Spring v5.3.4
2021-04-27 23:51:32.000 [main] INFO  cn.truncle.yumubot.YumubotApplication - No active profile set, falling back to default profiles: default
2021-04-27 23:51:32.791 [main] INFO  cn.truncle.yumubot.YumubotApplication - Started YumubotApplication in 1.032 seconds (JVM running for 1.596)
2021-04-27 23:51:32.975 [http-nio-8080-exec-1] DEBUG cn.truncle.yumubot.controller.EventController - {"self_id":2480557535,"interval":5000,"post_type":"meta_event","time":1619538692,"meta_event_type":"heartbeat","status":{"app_enabled":true,"app_good":true,"app_initialized":true,"good":true,"online":true,"stat":{"packet_received":83,"packet_sent":77,"packet_lost":0,"message_received":0,"message_sent":0,"disconnect_times":0,"lost_times":0,"last_message_time":0}}}
2021-04-27 23:51:32.976 [http-nio-8080-exec-1] DEBUG cn.truncle.yumubot.controller.EventController - Heartbeat
2021-04-27 23:51:37.359 [http-nio-8080-exec-2] DEBUG cn.truncle.yumubot.controller.EventController - {"self_id":2480557535,"interval":5000,"post_type":"meta_event","time":1619538697,"meta_event_type":"heartbeat","status":{"app_enabled":true,"app_good":true,"app_initialized":true,"good":true,"online":true,"stat":{"packet_received":83,"packet_sent":77,"packet_lost":0,"message_received":0,"message_sent":0,"disconnect_times":0,"lost_times":0,"last_message_time":0}}}
2021-04-27 23:51:37.359 [http-nio-8080-exec-2] DEBUG cn.truncle.yumubot.controller.EventController - Heartbeat
2021-04-27 23:51:42.365 [http-nio-8080-exec-3] DEBUG cn.truncle.yumubot.controller.EventController - {"self_id":2480557535,"interval":5000,"post_type":"meta_event","time":1619538702,"meta_event_type":"heartbeat","status":{"app_enabled":true,"app_good":true,"app_initialized":true,"good":true,"online":true,"stat":{"packet_received":83,"packet_sent":77,"packet_lost":0,"message_received":0,"message_sent":0,"disconnect_times":0,"lost_times":0,"last_message_time":0}}}
2021-04-27 23:51:42.365 [http-nio-8080-exec-3] DEBUG cn.truncle.yumubot.controller.EventController - Heartbeat
2021-04-27 23:51:47.363 [http-nio-8080-exec-4] DEBUG cn.truncle.yumubot.controller.EventController - {"self_id":2480557535,"interval":5000,"post_type":"meta_event","time":1619538707,"meta_event_type":"heartbeat","status":{"app_enabled":true,"app_good":true,"app_initialized":true,"good":true,"online":true,"stat":{"packet_received":83,"packet_sent":77,"packet_lost":0,"message_received":0,"message_sent":0,"disconnect_times":0,"lost_times":0,"last_message_time":0}}}
2021-04-27 23:51:47.363 [http-nio-8080-exec-4] DEBUG cn.truncle.yumubot.controller.EventController - Heartbeat
2021-04-27 23:51:52.367 [http-nio-8080-exec-5] DEBUG cn.truncle.yumubot.controller.EventController - {"self_id":2480557535,"interval":5000,"post_type":"meta_event","time":1619538712,"meta_event_type":"heartbeat","status":{"app_enabled":true,"app_good":true,"app_initialized":true,"good":true,"online":true,"stat":{"packet_received":83,"packet_sent":77,"packet_lost":0,"message_received":0,"message_sent":0,"disconnect_times":0,"lost_times":0,"last_message_time":0}}}
2021-04-27 23:51:52.367 [http-nio-8080-exec-5] DEBUG cn.truncle.yumubot.controller.EventController - Heartbeat
2021-04-27 23:51:57.358 [http-nio-8080-exec-6] DEBUG cn.truncle.yumubot.controller.EventController - {"self_id":2480557535,"interval":5000,"post_type":"meta_event","time":1619538717,"meta_event_type":"heartbeat","status":{"app_enabled":true,"app_good":true,"app_initialized":true,"good":true,"online":true,"stat":{"packet_received":83,"packet_sent":77,"packet_lost":0,"message_received":0,"message_sent":0,"disconnect_times":0,"lost_times":0,"last_message_time":0}}}
2021-04-27 23:51:57.359 [http-nio-8080-exec-6] DEBUG cn.truncle.yumubot.controller.EventController - Heartbeat
2021-04-27 23:52:02.364 [http-nio-8080-exec-7] DEBUG cn.truncle.yumubot.controller.EventController - {"self_id":2480557535,"interval":5000,"post_type":"meta_event","time":1619538722,"meta_event_type":"heartbeat","status":{"app_enabled":true,"app_good":true,"app_initialized":true,"good":true,"online":true,"stat":{"packet_received":87,"packet_sent":79,"packet_lost":0,"message_received":0,"message_sent":1,"disconnect_times":0,"lost_times":0,"last_message_time":0}}}
2021-04-27 23:52:02.364 [http-nio-8080-exec-7] DEBUG cn.truncle.yumubot.controller.EventController - Heartbeat
2021-04-27 23:52:06.168 [http-nio-8080-exec-8] DEBUG cn.truncle.yumubot.controller.EventController - {"raw_message":"[CQ:image,file=06467e3ceff43879d2102b6d9dd4152b.image]","self_id":2480557535,"message_id":-7023564,"message_type":"group","message":[{"data":{"file":"06467e3ceff43879d2102b6d9dd4152b.image","url":"http://gchat.qpic.cn/gchatpic_new/834276213/928936255-2901873195-06467E3CEFF43879D2102B6D9DD4152B/0?term=3"},"type":"image"}],"group_id":928936255,"sender":{"age":0,"area":"","card":"猫猫bot ｜","level":"","nickname":"猫猫","role":"member","sex":"unknown","title":"","user_id":834276213},"sub_type":"normal","user_id":834276213,"post_type":"message","time":1619538726,"message_seq":1787907,"font":0}
2021-04-27 23:52:06.169 [http-nio-8080-exec-8] DEBUG cn.truncle.yumubot.service.NoticeService - 这里是notice service
2021-04-27 23:52:07.373 [http-nio-8080-exec-9] DEBUG cn.truncle.yumubot.controller.EventController - {"self_id":2480557535,"interval":5000,"post_type":"meta_event","time":1619538727,"meta_event_type":"heartbeat","status":{"app_enabled":true,"app_good":true,"app_initialized":true,"good":true,"online":true,"stat":{"packet_received":88,"packet_sent":79,"packet_lost":0,"message_received":1,"message_sent":1,"disconnect_times":0,"lost_times":0,"last_message_time":1619538726}}}
2021-04-27 23:52:07.373 [http-nio-8080-exec-9] DEBUG cn.truncle.yumubot.controller.EventController - Heartbeat
2021-04-27 23:52:12.372 [http-nio-8080-exec-10] DEBUG cn.truncle.yumubot.controller.EventController - {"self_id":2480557535,"interval":5000,"post_type":"meta_event","time":1619538732,"meta_event_type":"heartbeat","status":{"app_enabled":true,"app_good":true,"app_initialized":true,"good":true,"online":true,"stat":{"packet_received":89,"packet_sent":79,"packet_lost":0,"message_received":1,"message_sent":1,"disconnect_times":0,"lost_times":0,"last_message_time":1619538726}}}
2021-04-27 23:52:12.372 [http-nio-8080-exec-10] DEBUG cn.truncle.yumubot.controller.EventController - Heartbeat
2021-04-27 23:52:17.372 [http-nio-8080-exec-1] DEBUG cn.truncle.yumubot.controller.EventController - {"self_id":2480557535,"interval":5000,"post_type":"meta_event","time":1619538737,"meta_event_type":"heartbeat","status":{"app_enabled":true,"app_good":true,"app_initialized":true,"good":true,"online":true,"stat":{"packet_received":89,"packet_sent":79,"packet_lost":0,"message_received":1,"message_sent":1,"disconnect_times":0,"lost_times":0,"last_message_time":1619538726}}}
2021-04-27 23:52:17.373 [http-nio-8080-exec-1] DEBUG cn.truncle.yumubot.controller.EventController - Heartbeat
2021-04-27 23:52:22.369 [http-nio-8080-exec-2] DEBUG cn.truncle.yumubot.controller.EventController - {"self_id":2480557535,"interval":5000,"post_type":"meta_event","time":1619538742,"meta_event_type":"heartbeat","status":{"app_enabled":true,"app_good":true,"app_initialized":true,"good":true,"online":true,"stat":{"packet_received":89,"packet_sent":79,"packet_lost":0,"message_received":1,"message_sent":1,"disconnect_times":0,"lost_times":0,"last_message_time":1619538726}}}
2021-04-27 23:52:22.369 [http-nio-8080-exec-2] DEBUG cn.truncle.yumubot.controller.EventController - Heartbeat
2021-04-27 23:56:02.875 [main] INFO  cn.truncle.yumubot.YumubotApplication - Starting YumubotApplication using Java 12.0.2 on DESKTOP-1NBRITB with PID 11840 (A:\java\Yumubot\target\classes started by Administrator in A:\java\Yumubot)
2021-04-27 23:56:02.876 [main] DEBUG cn.truncle.yumubot.YumubotApplication - Running with Spring Boot v2.4.3, Spring v5.3.4
2021-04-27 23:56:02.877 [main] INFO  cn.truncle.yumubot.YumubotApplication - No active profile set, falling back to default profiles: default
2021-04-27 23:57:49.057 [main] INFO  cn.truncle.yumubot.YumubotApplication - Starting YumubotApplication using Java 12.0.2 on DESKTOP-1NBRITB with PID 12112 (A:\java\Yumubot\target\classes started by Administrator in A:\java\Yumubot)
2021-04-27 23:57:49.059 [main] DEBUG cn.truncle.yumubot.YumubotApplication - Running with Spring Boot v2.4.3, Spring v5.3.4
2021-04-27 23:57:49.059 [main] INFO  cn.truncle.yumubot.YumubotApplication - No active profile set, falling back to default profiles: default
2021-04-27 23:57:49.869 [main] INFO  cn.truncle.yumubot.YumubotApplication - Started YumubotApplication in 1.046 seconds (JVM running for 1.605)
2021-04-27 23:57:52.461 [http-nio-8080-exec-1] DEBUG cn.truncle.yumubot.controller.EventController - {"self_id":2480557535,"interval":5000,"post_type":"meta_event","time":1619539072,"meta_event_type":"heartbeat","status":{"app_enabled":true,"app_good":true,"app_initialized":true,"good":true,"online":true,"stat":{"packet_received":102,"packet_sent":91,"packet_lost":0,"message_received":2,"message_sent":1,"disconnect_times":0,"lost_times":0,"last_message_time":1619538869}}}
2021-04-27 23:57:52.462 [http-nio-8080-exec-1] DEBUG cn.truncle.yumubot.controller.EventController - Heartbeat
2021-04-27 23:57:57.365 [http-nio-8080-exec-2] DEBUG cn.truncle.yumubot.controller.EventController - {"self_id":2480557535,"interval":5000,"post_type":"meta_event","time":1619539077,"meta_event_type":"heartbeat","status":{"app_enabled":true,"app_good":true,"app_initialized":true,"good":true,"online":true,"stat":{"packet_received":102,"packet_sent":91,"packet_lost":0,"message_received":2,"message_sent":1,"disconnect_times":0,"lost_times":0,"last_message_time":1619538869}}}
2021-04-27 23:57:57.365 [http-nio-8080-exec-2] DEBUG cn.truncle.yumubot.controller.EventController - Heartbeat
2021-04-27 23:58:02.370 [http-nio-8080-exec-3] DEBUG cn.truncle.yumubot.controller.EventController - {"self_id":2480557535,"interval":5000,"post_type":"meta_event","time":1619539082,"meta_event_type":"heartbeat","status":{"app_enabled":true,"app_good":true,"app_initialized":true,"good":true,"online":true,"stat":{"packet_received":103,"packet_sent":92,"packet_lost":0,"message_received":2,"message_sent":1,"disconnect_times":0,"lost_times":0,"last_message_time":1619538869}}}
2021-04-27 23:58:02.371 [http-nio-8080-exec-3] DEBUG cn.truncle.yumubot.controller.EventController - Heartbeat
2021-04-27 23:58:07.363 [http-nio-8080-exec-4] DEBUG cn.truncle.yumubot.controller.EventController - {"self_id":2480557535,"interval":5000,"post_type":"meta_event","time":1619539087,"meta_event_type":"heartbeat","status":{"app_enabled":true,"app_good":true,"app_initialized":true,"good":true,"online":true,"stat":{"packet_received":103,"packet_sent":92,"packet_lost":0,"message_received":2,"message_sent":1,"disconnect_times":0,"lost_times":0,"last_message_time":1619538869}}}
2021-04-27 23:58:07.363 [http-nio-8080-exec-4] DEBUG cn.truncle.yumubot.controller.EventController - Heartbeat
2021-04-27 23:58:12.367 [http-nio-8080-exec-6] DEBUG cn.truncle.yumubot.controller.EventController - {"self_id":2480557535,"interval":5000,"post_type":"meta_event","time":1619539092,"meta_event_type":"heartbeat","status":{"app_enabled":true,"app_good":true,"app_initialized":true,"good":true,"online":true,"stat":{"packet_received":103,"packet_sent":92,"packet_lost":0,"message_received":2,"message_sent":1,"disconnect_times":0,"lost_times":0,"last_message_time":1619538869}}}
2021-04-27 23:58:12.367 [http-nio-8080-exec-6] DEBUG cn.truncle.yumubot.controller.EventController - Heartbeat
2021-04-27 23:58:17.359 [http-nio-8080-exec-7] DEBUG cn.truncle.yumubot.controller.EventController - {"self_id":2480557535,"interval":5000,"post_type":"meta_event","time":1619539097,"meta_event_type":"heartbeat","status":{"app_enabled":true,"app_good":true,"app_initialized":true,"good":true,"online":true,"stat":{"packet_received":103,"packet_sent":92,"packet_lost":0,"message_received":2,"message_sent":1,"disconnect_times":0,"lost_times":0,"last_message_time":1619538869}}}
2021-04-27 23:58:17.359 [http-nio-8080-exec-7] DEBUG cn.truncle.yumubot.controller.EventController - Heartbeat
2021-04-27 23:58:22.361 [http-nio-8080-exec-5] DEBUG cn.truncle.yumubot.controller.EventController - {"self_id":2480557535,"interval":5000,"post_type":"meta_event","time":1619539102,"meta_event_type":"heartbeat","status":{"app_enabled":true,"app_good":true,"app_initialized":true,"good":true,"online":true,"stat":{"packet_received":103,"packet_sent":92,"packet_lost":0,"message_received":2,"message_sent":1,"disconnect_times":0,"lost_times":0,"last_message_time":1619538869}}}
2021-04-27 23:58:22.361 [http-nio-8080-exec-5] DEBUG cn.truncle.yumubot.controller.EventController - Heartbeat
2021-04-27 23:58:27.362 [http-nio-8080-exec-8] DEBUG cn.truncle.yumubot.controller.EventController - {"self_id":2480557535,"interval":5000,"post_type":"meta_event","time":1619539107,"meta_event_type":"heartbeat","status":{"app_enabled":true,"app_good":true,"app_initialized":true,"good":true,"online":true,"stat":{"packet_received":103,"packet_sent":92,"packet_lost":0,"message_received":2,"message_sent":1,"disconnect_times":0,"lost_times":0,"last_message_time":1619538869}}}
2021-04-27 23:58:27.362 [http-nio-8080-exec-8] DEBUG cn.truncle.yumubot.controller.EventController - Heartbeat
2021-04-27 23:58:32.364 [http-nio-8080-exec-9] DEBUG cn.truncle.yumubot.controller.EventController - {"self_id":2480557535,"interval":5000,"post_type":"meta_event","time":1619539112,"meta_event_type":"heartbeat","status":{"app_enabled":true,"app_good":true,"app_initialized":true,"good":true,"online":true,"stat":{"packet_received":104,"packet_sent":93,"packet_lost":0,"message_received":2,"message_sent":1,"disconnect_times":0,"lost_times":0,"last_message_time":1619538869}}}
2021-04-27 23:58:32.364 [http-nio-8080-exec-9] DEBUG cn.truncle.yumubot.controller.EventController - Heartbeat
2021-04-27 23:58:37.360 [http-nio-8080-exec-10] DEBUG cn.truncle.yumubot.controller.EventController - {"self_id":2480557535,"interval":5000,"post_type":"meta_event","time":1619539117,"meta_event_type":"heartbeat","status":{"app_enabled":true,"app_good":true,"app_initialized":true,"good":true,"online":true,"stat":{"packet_received":104,"packet_sent":93,"packet_lost":0,"message_received":2,"message_sent":1,"disconnect_times":0,"lost_times":0,"last_message_time":1619538869}}}
2021-04-27 23:58:37.360 [http-nio-8080-exec-10] DEBUG cn.truncle.yumubot.controller.EventController - Heartbeat
2021-04-27 23:58:42.372 [http-nio-8080-exec-1] DEBUG cn.truncle.yumubot.controller.EventController - {"self_id":2480557535,"interval":5000,"post_type":"meta_event","time":1619539122,"meta_event_type":"heartbeat","status":{"app_enabled":true,"app_good":true,"app_initialized":true,"good":true,"online":true,"stat":{"packet_received":104,"packet_sent":93,"packet_lost":0,"message_received":2,"message_sent":1,"disconnect_times":0,"lost_times":0,"last_message_time":1619538869}}}
2021-04-27 23:58:42.372 [http-nio-8080-exec-1] DEBUG cn.truncle.yumubot.controller.EventController - Heartbeat
2021-04-27 23:58:47.359 [http-nio-8080-exec-2] DEBUG cn.truncle.yumubot.controller.EventController - {"self_id":2480557535,"interval":5000,"post_type":"meta_event","time":1619539127,"meta_event_type":"heartbeat","status":{"app_enabled":true,"app_good":true,"app_initialized":true,"good":true,"online":true,"stat":{"packet_received":104,"packet_sent":93,"packet_lost":0,"message_received":2,"message_sent":1,"disconnect_times":0,"lost_times":0,"last_message_time":1619538869}}}
2021-04-27 23:58:47.359 [http-nio-8080-exec-2] DEBUG cn.truncle.yumubot.controller.EventController - Heartbeat
2021-04-27 23:58:52.364 [http-nio-8080-exec-3] DEBUG cn.truncle.yumubot.controller.EventController - {"self_id":2480557535,"interval":5000,"post_type":"meta_event","time":1619539132,"meta_event_type":"heartbeat","status":{"app_enabled":true,"app_good":true,"app_initialized":true,"good":true,"online":true,"stat":{"packet_received":104,"packet_sent":93,"packet_lost":0,"message_received":2,"message_sent":1,"disconnect_times":0,"lost_times":0,"last_message_time":1619538869}}}
2021-04-27 23:58:52.365 [http-nio-8080-exec-3] DEBUG cn.truncle.yumubot.controller.EventController - Heartbeat
2021-04-27 23:58:56.929 [main] INFO  cn.truncle.yumubot.YumubotApplication - Starting YumubotApplication using Java 12.0.2 on DESKTOP-1NBRITB with PID 2848 (A:\java\Yumubot\target\classes started by Administrator in A:\java\Yumubot)
2021-04-27 23:58:56.930 [main] DEBUG cn.truncle.yumubot.YumubotApplication - Running with Spring Boot v2.4.3, Spring v5.3.4
2021-04-27 23:58:56.930 [main] INFO  cn.truncle.yumubot.YumubotApplication - No active profile set, falling back to default profiles: default
2021-04-27 23:58:57.745 [main] INFO  cn.truncle.yumubot.YumubotApplication - Started YumubotApplication in 1.061 seconds (JVM running for 1.651)
2021-04-27 23:58:57.960 [http-nio-8080-exec-1] DEBUG cn.truncle.yumubot.controller.EventController - Heartbeat
2021-04-27 23:59:02.367 [http-nio-8080-exec-2] DEBUG cn.truncle.yumubot.controller.EventController - Heartbeat
2021-04-27 23:59:07.371 [http-nio-8080-exec-3] DEBUG cn.truncle.yumubot.controller.EventController - Heartbeat
2021-04-27 23:59:12.367 [http-nio-8080-exec-4] DEBUG cn.truncle.yumubot.controller.EventController - Heartbeat
2021-04-27 23:59:17.373 [http-nio-8080-exec-5] DEBUG cn.truncle.yumubot.controller.EventController - Heartbeat
2021-04-27 23:59:22.368 [http-nio-8080-exec-6] DEBUG cn.truncle.yumubot.controller.EventController - Heartbeat
2021-04-27 23:59:27.366 [http-nio-8080-exec-7] DEBUG cn.truncle.yumubot.controller.EventController - Heartbeat
2021-04-27 23:59:32.364 [http-nio-8080-exec-8] DEBUG cn.truncle.yumubot.controller.EventController - Heartbeat
2021-04-27 23:59:37.372 [http-nio-8080-exec-9] DEBUG cn.truncle.yumubot.controller.EventController - Heartbeat
2021-04-27 23:59:42.357 [http-nio-8080-exec-1] DEBUG cn.truncle.yumubot.controller.EventController - Heartbeat
2021-04-27 23:59:47.362 [http-nio-8080-exec-3] DEBUG cn.truncle.yumubot.controller.EventController - Heartbeat
2021-04-27 23:59:52.363 [http-nio-8080-exec-4] DEBUG cn.truncle.yumubot.controller.EventController - Heartbeat
2021-04-27 23:59:57.364 [http-nio-8080-exec-5] DEBUG cn.truncle.yumubot.controller.EventController - Heartbeat
2021-04-28 00:00:02.366 [http-nio-8080-exec-6] DEBUG cn.truncle.yumubot.controller.EventController - Heartbeat
2021-04-28 00:00:07.364 [http-nio-8080-exec-7] DEBUG cn.truncle.yumubot.controller.EventController - Heartbeat
2021-04-28 00:00:12.357 [http-nio-8080-exec-10] DEBUG cn.truncle.yumubot.controller.EventController - Heartbeat
